Username:  schward
Date:      Fri Apr 9 14:21:42 EDT 2021
 
*** making assign8 ***
make: 'assign7' is up to date.
--- Running 1 ---
 
./assign8: Command not found.
--- Running 2 ---
 
./assign8: Command not found.
--- Running again 3 ---
 
./assign8: Command not found.
--- Running again 4 ---
 
./assign8: Command not found.
--- Running again 5 ---
 
./assign8: Command not found.
--- Running again 6 ---
 
./assign8: Command not found.
--- Running again 7 ---
 
./assign8: Command not found.
--- Running again 8 ---
 
./assign8: Command not found.
--- Running again 9 ---
 
./assign8: Command not found.
--- Running again 10 ---
 
./assign8: Command not found.
--- Running again 11 ---
 
./assign8: Command not found.
--- Running again 12 ---
 
./assign8: Command not found.
 
